[1016/130844.597:ERROR:directory_reader_win.cc(43)] FindFirstFile: The system cannot find the path specified. (0x3)
[1016/182929.371:ERROR:filesystem_win.cc(129)] GetFileAttributes C:\Users\nobel\AppData\Local\Google\Chrome\User Data\Crashpad\attachments\214de06f-e173-41d6-8c30-1d2019fd7117: The system cannot find the path specified. (0x3)
[1016/194550.013:ERROR:process_reader_win.cc(151)] SuspendThread: Access is denied. (0x5)
[1016/194550.013:ERROR:process_reader_win.cc(151)] SuspendThread: Access is denied. (0x5)
[1016/194550.017:ERROR:process_reader_win.cc(151)] SuspendThread: Access is denied. (0x5)
[1016/194550.018:ERROR:process_reader_win.cc(151)] SuspendThread: Access is denied. (0x5)
[1016/194550.018:ERROR:process_reader_win.cc(151)] SuspendThread: Access is denied. (0x5)
[1016/194550.090:ERROR:process_reader_win.cc(151)] SuspendThread: Access is denied. (0x5)
[1016/194550.090:ERROR:process_reader_win.cc(151)] SuspendThread: Access is denied. (0x5)
[1016/194550.090:ERROR:process_reader_win.cc(151)] SuspendThread: Access is denied. (0x5)
[1016/194550.091:ERROR:process_reader_win.cc(151)] SuspendThread: Access is denied. (0x5)
[1016/194550.091:ERROR:process_reader_win.cc(151)] SuspendThread: Access is denied. (0x5)
[1016/194550.091:ERROR:process_reader_win.cc(151)] SuspendThread: Access is denied. (0x5)
[1016/194550.091:ERROR:process_reader_win.cc(151)] SuspendThread: Access is denied. (0x5)
[1016/194550.091:ERROR:process_reader_win.cc(151)] SuspendThread: Access is denied. (0x5)
[1016/194550.091:ERROR:process_reader_win.cc(151)] SuspendThread: Access is denied. (0x5)
[1016/194550.091:ERROR:process_reader_win.cc(123)] NtOpenThread: {Access Denied} A process has requested access to an object, but has not been granted those access rights. (0xc0000022)
[1016/194550.092:ERROR:exception_snapshot_win.cc(99)] thread ID 17596 not found in process
[1016/194550.121:ERROR:process_reader_win.cc(151)] SuspendThread: Access is denied. (0x5)
[1016/194550.122:ERROR:process_reader_win.cc(151)] SuspendThread: Access is denied. (0x5)
[1016/194550.122:ERROR:process_reader_win.cc(123)] NtOpenThread: {Access Denied} A process has requested access to an object, but has not been granted those access rights. (0xc0000022)
[1016/194550.122:ERROR:exception_snapshot_win.cc(99)] thread ID 5812 not found in process
[1016/194550.055:ERROR:process_reader_win.cc(151)] SuspendThread: Access is denied. (0x5)
[1016/194550.130:ERROR:process_reader_win.cc(151)] SuspendThread: Access is denied. (0x5)
[1016/194550.130:ERROR:process_reader_win.cc(123)] NtOpenThread: {Access Denied} A process has requested access to an object, but has not been granted those access rights. (0xc0000022)
[1016/194550.131:ERROR:exception_snapshot_win.cc(99)] thread ID 17272 not found in process
[1016/194551.085:ERROR:process_reader_win.cc(151)] SuspendThread: Access is denied. (0x5)
[1016/194551.085:ERROR:process_reader_win.cc(151)] SuspendThread: Access is denied. (0x5)
[1016/194551.085:ERROR:process_reader_win.cc(151)] SuspendThread: Access is denied. (0x5)
[1016/194551.085:ERROR:process_reader_win.cc(151)] SuspendThread: Access is denied. (0x5)
[1016/194551.085:ERROR:process_reader_win.cc(151)] SuspendThread: Access is denied. (0x5)
[1016/194551.085:ERROR:process_reader_win.cc(151)] SuspendThread: Access is denied. (0x5)
[1016/194551.085:ERROR:process_reader_win.cc(151)] SuspendThread: Access is denied. (0x5)
[1016/194551.085:ERROR:process_reader_win.cc(123)] NtOpenThread: {Access Denied} A process has requested access to an object, but has not been granted those access rights. (0xc0000022)
[1016/194551.085:ERROR:exception_snapshot_win.cc(99)] thread ID 16840 not found in process
[1016/194551.088:ERROR:process_reader_win.cc(151)] SuspendThread: Access is denied. (0x5)
[1016/194551.088:ERROR:process_reader_win.cc(151)] SuspendThread: Access is denied. (0x5)
[1016/194551.088:ERROR:process_reader_win.cc(151)] SuspendThread: Access is denied. (0x5)
[1016/194551.088:ERROR:process_reader_win.cc(151)] SuspendThread: Access is denied. (0x5)
[1016/194551.088:ERROR:process_reader_win.cc(151)] SuspendThread: Access is denied. (0x5)
[1016/194551.089:ERROR:process_reader_win.cc(151)] SuspendThread: Access is denied. (0x5)
[1016/194551.089:ERROR:process_reader_win.cc(123)] NtOpenThread: {Access Denied} A process has requested access to an object, but has not been granted those access rights. (0xc0000022)
[1016/194551.089:ERROR:exception_snapshot_win.cc(99)] thread ID 18632 not found in process
[1016/194551.123:ERROR:process_reader_win.cc(151)] SuspendThread: Access is denied. (0x5)
[1016/194551.123:ERROR:process_reader_win.cc(151)] SuspendThread: Access is denied. (0x5)
[1016/194551.123:ERROR:process_reader_win.cc(151)] SuspendThread: Access is denied. (0x5)
[1016/194551.123:ERROR:process_reader_win.cc(151)] SuspendThread: Access is denied. (0x5)
[1016/194551.123:ERROR:process_reader_win.cc(151)] SuspendThread: Access is denied. (0x5)
[1016/194551.123:ERROR:process_reader_win.cc(151)] SuspendThread: Access is denied. (0x5)
[1016/194551.123:ERROR:process_reader_win.cc(151)] SuspendThread: Access is denied. (0x5)
[1016/194551.123:ERROR:process_reader_win.cc(151)] SuspendThread: Access is denied. (0x5)
[1016/194551.123:ERROR:process_reader_win.cc(151)] SuspendThread: Access is denied. (0x5)
[1016/194551.123:ERROR:process_reader_win.cc(123)] NtOpenThread: {Access Denied} A process has requested access to an object, but has not been granted those access rights. (0xc0000022)
[1016/194551.124:ERROR:exception_snapshot_win.cc(99)] thread ID 19292 not found in process
[1016/194551.149:ERROR:process_reader_win.cc(151)] SuspendThread: Access is denied. (0x5)
[1016/194551.149:ERROR:process_reader_win.cc(151)] SuspendThread: Access is denied. (0x5)
[1016/194551.149:ERROR:process_reader_win.cc(151)] SuspendThread: Access is denied. (0x5)
[1016/194551.149:ERROR:process_reader_win.cc(151)] SuspendThread: Access is denied. (0x5)
[1016/194551.150:ERROR:process_reader_win.cc(151)] SuspendThread: Access is denied. (0x5)
[1016/194551.150:ERROR:process_reader_win.cc(123)] NtOpenThread: {Access Denied} A process has requested access to an object, but has not been granted those access rights. (0xc0000022)
[1016/194551.150:ERROR:exception_snapshot_win.cc(99)] thread ID 9716 not found in process
[1017/145355.408:ERROR:directory_reader_win.cc(43)] FindFirstFile: The system cannot find the path specified. (0x3)
